Build started 9/26/2012 9:38:12 AM.
     1>Project "\\Fs06d\stu8\Home\Vrodriguesdiamon-cc\Visual Studio 2010\Projects\cA2\cA2\cA2.vcxproj" on node 2 (build target(s)).
     1>InitializeBuildStatus:
         Creating "Debug\cA2.unsuccessfulbuild" because "AlwaysCreate" was specified.
       ClCompile:
         C:\Program Files (x86)\Microsoft Visual Studio 10.0\VC\bin\CL.exe /c /ZI /nologo /W3 /WX- /Od /Oy- /D WIN32 /D _DEBUG /D _CONSOLE /D _UNICODE /D UNICODE /Gm /EHsc /RTC1 /MDd /GS /fp:precise /Zc:wchar_t /Zc:forScope /Fo"Debug\\" /Fd"Debug\vc100.pdb" /Gd /TC /analyze- /errorReport:prompt cA2.c
         cA2.c
     1>\\fs06d\stu8\home\vrodriguesdiamon-cc\visual studio 2010\projects\ca2\ca2\ca2.c(108): warning C4996: 'sscanf': This function or variable may be unsafe. Consider using sscanf_s instead. To disable deprecation, use _CRT_SECURE_NO_WARNINGS. See online help for details.
                 c:\program files (x86)\microsoft visual studio 10.0\vc\include\stdio.h(325) : see declaration of 'sscanf'
       ManifestResourceCompile:
         All outputs are up-to-date.
       Link:
         C:\Program Files (x86)\Microsoft Visual Studio 10.0\VC\bin\link.exe /ERRORREPORT:PROMPT /OUT:"\\Fs06d\stu8\Home\Vrodriguesdiamon-cc\Visual Studio 2010\Projects\cA2\Debug\cA2.exe" /INCREMENTAL /NOLOGO kernel32.lib user32.lib gdi32.lib winspool.lib comdlg32.lib advapi32.lib shell32.lib ole32.lib oleaut32.lib uuid.lib odbc32.lib odbccp32.lib /MANIFEST /ManifestFile:"Debug\cA2.exe.intermediate.manifest" /MANIFESTUAC:"level='asInvoker' uiAccess='false'" /DEBUG /PDB:"\\Fs06d\stu8\Home\Vrodriguesdiamon-cc\Visual Studio 2010\Projects\cA2\Debug\cA2.pdb" /SUBSYSTEM:CONSOLE /TLBID:1 /DYNAMICBASE /NXCOMPAT /IMPLIB:"\\Fs06d\stu8\Home\Vrodriguesdiamon-cc\Visual Studio 2010\Projects\cA2\Debug\cA2.lib" /MACHINE:X86 Debug\cA2.exe.embed.manifest.res
         Debug\cA2.obj
       Manifest:
         C:\Program Files (x86)\Microsoft SDKs\Windows\v7.0A\bin\mt.exe /nologo /verbose /out:"Debug\cA2.exe.embed.manifest" /manifest Debug\cA2.exe.intermediate.manifest
         All outputs are up-to-date.
       LinkEmbedManifest:
         C:\Program Files (x86)\Microsoft Visual Studio 10.0\VC\bin\link.exe /ERRORREPORT:PROMPT /OUT:"\\Fs06d\stu8\Home\Vrodriguesdiamon-cc\Visual Studio 2010\Projects\cA2\Debug\cA2.exe" /INCREMENTAL /NOLOGO kernel32.lib user32.lib gdi32.lib winspool.lib comdlg32.lib advapi32.lib shell32.lib ole32.lib oleaut32.lib uuid.lib odbc32.lib odbccp32.lib /MANIFEST /ManifestFile:"Debug\cA2.exe.intermediate.manifest" /MANIFESTUAC:"level='asInvoker' uiAccess='false'" /DEBUG /PDB:"\\Fs06d\stu8\Home\Vrodriguesdiamon-cc\Visual Studio 2010\Projects\cA2\Debug\cA2.pdb" /SUBSYSTEM:CONSOLE /TLBID:1 /DYNAMICBASE /NXCOMPAT /IMPLIB:"\\Fs06d\stu8\Home\Vrodriguesdiamon-cc\Visual Studio 2010\Projects\cA2\Debug\cA2.lib" /MACHINE:X86 Debug\cA2.exe.embed.manifest.res
         Debug\cA2.obj
         cA2.vcxproj -> \\Fs06d\stu8\Home\Vrodriguesdiamon-cc\Visual Studio 2010\Projects\cA2\Debug\cA2.exe
       FinalizeBuildStatus:
         Deleting file "Debug\cA2.unsuccessfulbuild".
         Touching "Debug\cA2.lastbuildstate".
     1>Done Building Project "\\Fs06d\stu8\Home\Vrodriguesdiamon-cc\Visual Studio 2010\Projects\cA2\cA2\cA2.vcxproj" (build target(s)).

Build succeeded.

Time Elapsed 00:00:06.25
